[debug] [2020-10-21T21:34:30.245Z] ----------------------------------------------------------------------
[debug] [2020-10-21T21:34:30.247Z] Command:       C:\Gebruikers\Developer\node\node.exe C:\Gebruikers\Developer\node\node_modules\firebase-tools\lib\bin\firebase.js deploy
[debug] [2020-10-21T21:34:30.247Z] CLI Version:   8.9.0
[debug] [2020-10-21T21:34:30.247Z] Platform:      win32
[debug] [2020-10-21T21:34:30.247Z] Node Version:  v12.13.0
[debug] [2020-10-21T21:34:30.248Z] Time:          Wed Oct 21 2020 23:34:30 GMT+0200 (Central European Summer Time)
[debug] [2020-10-21T21:34:30.249Z] ----------------------------------------------------------------------
[debug] [2020-10-21T21:34:30.249Z] 
[debug] [2020-10-21T21:34:30.258Z] > command requires scopes: ["email","openid","https://www.googleapis.com/auth/cloudplatformprojects.readonly","https://www.googleapis.com/auth/firebase","https://www.googleapis.com/auth/cloud-platform"]
[debug] [2020-10-21T21:34:30.258Z] > authorizing via signed-in user
[debug] [2020-10-21T21:34:30.259Z] [iam] checking project ionicsvelte for permissions ["firebase.projects.get","firebasehosting.sites.update"]
[debug] [2020-10-21T21:34:30.262Z] >>> HTTP REQUEST POST https://cloudresourcemanager.googleapis.com/v1/projects/ionicsvelte:testIamPermissions  
 {"permissions":["firebase.projects.get","firebasehosting.sites.update"]}
[debug] [2020-10-21T21:34:31.014Z] <<< HTTP RESPONSE 200 {"content-type":"application/json; charset=UTF-8","vary":"X-Origin, Referer, Origin,Accept-Encoding","date":"Wed, 21 Oct 2020 21:34:29 GMT","server":"ESF","cache-control":"private","x-xss-protection":"0","x-frame-options":"SAMEORIGIN","x-content-type-options":"nosniff","server-timing":"gfet4t7; dur=578","alt-svc":"h3-Q050=\":443\"; ma=2592000,h3-29=\":443\"; ma=2592000,h3-27=\":443\"; ma=2592000,h3-T051=\":443\"; ma=2592000,h3-T050=\":443\"; ma=2592000,h3-Q046=\":443\"; ma=2592000,h3-Q043=\":443\"; ma=2592000,quic=\":443\"; ma=2592000; v=\"46,43\"","accept-ranges":"none","transfer-encoding":"chunked"}
[debug] [2020-10-21T21:34:31.017Z] >>> HTTP REQUEST GET https://firebase.googleapis.com/v1beta1/projects/ionicsvelte  
 
[debug] [2020-10-21T21:34:31.219Z] <<< HTTP RESPONSE 200 {"content-type":"application/json; charset=UTF-8","vary":"X-Origin, Referer, Origin,Accept-Encoding","date":"Wed, 21 Oct 2020 21:34:29 GMT","server":"ESF","cache-control":"private","x-xss-protection":"0","x-frame-options":"SAMEORIGIN","x-content-type-options":"nosniff","alt-svc":"h3-Q050=\":443\"; ma=2592000,h3-29=\":443\"; ma=2592000,h3-27=\":443\"; ma=2592000,h3-T051=\":443\"; ma=2592000,h3-T050=\":443\"; ma=2592000,h3-Q046=\":443\"; ma=2592000,h3-Q043=\":443\"; ma=2592000,quic=\":443\"; ma=2592000; v=\"46,43\"","accept-ranges":"none","transfer-encoding":"chunked"}
[info] 
[info] === Deploying to 'ionicsvelte'...
[info] 
[info] i  deploying hosting 
[debug] [2020-10-21T21:34:31.237Z] >>> HTTP REQUEST POST https://firebasehosting.googleapis.com/v1beta1/sites/ionicsvelte/versions  
 {"config":{"rewrites":[{"glob":"**","path":"/index.html"}]},"labels":{"deployment-tool":"cli-firebase"}}
[debug] [2020-10-21T21:34:32.544Z] <<< HTTP RESPONSE 200 {"content-type":"application/json; charset=UTF-8","vary":"X-Origin, Referer, Origin,Accept-Encoding","date":"Wed, 21 Oct 2020 21:34:30 GMT","server":"ESF","cache-control":"private","x-xss-protection":"0","x-frame-options":"SAMEORIGIN","x-content-type-options":"nosniff","alt-svc":"h3-Q050=\":443\"; ma=2592000,h3-29=\":443\"; ma=2592000,h3-27=\":443\"; ma=2592000,h3-T051=\":443\"; ma=2592000,h3-T050=\":443\"; ma=2592000,h3-Q046=\":443\"; ma=2592000,h3-Q043=\":443\"; ma=2592000,quic=\":443\"; ma=2592000; v=\"46,43\"","accept-ranges":"none","transfer-encoding":"chunked"}
[info] i  hosting[ionicsvelte]: beginning deploy... 
[info] i  hosting[ionicsvelte]: found 267 files in public 
[debug] [2020-10-21T21:34:33.095Z] [hosting] hash cache [cHVibGlj] stored for 267 files
[debug] [2020-10-21T21:34:33.096Z] [hosting][hash queue][FINAL] {"max":399,"min":0,"avg":15.435290299564885,"active":0,"complete":267,"success":267,"errored":0,"retried":0,"total":267,"elapsed":454}
[debug] [2020-10-21T21:34:33.097Z] >>> HTTP REQUEST POST https://firebasehosting.googleapis.com/v1beta1/sites/ionicsvelte/versions/4597441ed4be6498:populateFiles  
 <request body omitted>
[debug] [2020-10-21T21:34:34.221Z] <<< HTTP RESPONSE 200 {"content-type":"application/json; charset=UTF-8","vary":"X-Origin, Referer, Origin,Accept-Encoding","date":"Wed, 21 Oct 2020 21:34:32 GMT","server":"ESF","cache-control":"private","x-xss-protection":"0","x-frame-options":"SAMEORIGIN","x-content-type-options":"nosniff","alt-svc":"h3-Q050=\":443\"; ma=2592000,h3-29=\":443\"; ma=2592000,h3-27=\":443\"; ma=2592000,h3-T051=\":443\"; ma=2592000,h3-T050=\":443\"; ma=2592000,h3-Q046=\":443\"; ma=2592000,h3-Q043=\":443\"; ma=2592000,quic=\":443\"; ma=2592000; v=\"46,43\"","accept-ranges":"none","transfer-encoding":"chunked"}
[debug] [2020-10-21T21:34:34.224Z] [hosting][populate queue][FINAL] {"max":1138,"min":1138,"avg":1138,"active":0,"complete":1,"success":1,"errored":0,"retried":0,"total":1,"elapsed":1140}
[debug] [2020-10-21T21:34:34.225Z] [hosting] uploads queued: 1
[debug] [2020-10-21T21:34:36.438Z] [hosting][upload queue][FINAL] {"max":2216,"min":2216,"avg":2216,"active":0,"complete":1,"success":1,"errored":0,"retried":0,"total":1,"elapsed":2216}
[info] +  hosting[ionicsvelte]: file upload complete 
[debug] [2020-10-21T21:34:36.443Z] [hosting] deploy completed after 3895ms
[debug] [2020-10-21T21:34:36.446Z] [
  {
    "config": {
      "public": "public",
      "ignore": [
        "firebase.json",
        "**/.*",
        "**/node_modules/**"
      ],
      "rewrites": [
        {
          "source": "**",
          "destination": "/index.html"
        }
      ],
      "site": "ionicsvelte"
    },
    "site": "ionicsvelte",
    "version": "sites/ionicsvelte/versions/4597441ed4be6498"
  }
]
[info] i  hosting[ionicsvelte]: finalizing version... 
[debug] [2020-10-21T21:34:36.453Z] >>> HTTP REQUEST PATCH https://firebasehosting.googleapis.com/v1beta1/sites/ionicsvelte/versions/4597441ed4be6498?updateMask=status  
 {"status":"FINALIZED"}
